This is pdfTeX, Version 3.141592653-2.6-1.40.25 (TeX Live 2023) (preloaded format=pdflatex 2023.7.9)  5 MAR 2024 22:26
entering extended mode
 restricted \write18 enabled.
 file:line:error style messages enabled.
 %&-line parsing enabled.
**/workspaces/osint_trendradar/hicss.tex
(/workspaces/osint_trendradar/hicss.tex
LaTeX2e <2023-06-01> patch level 1
L3 programming layer <2023-06-30>
(/usr/local/texlive/2023/texmf-dist/tex/latex/base/article.cls
Document Class: article 2023/05/17 v1.4n Standard LaTeX document class
(/usr/local/texlive/2023/texmf-dist/tex/latex/base/size10.clo
File: size10.clo 2023/05/17 v1.4n Standard LaTeX file (size option)
)
\c@part=\count185
\c@section=\count186
\c@subsection=\count187
\c@subsubsection=\count188
\c@paragraph=\count189
\c@subparagraph=\count190
\c@figure=\count191
\c@table=\count192
\abovecaptionskip=\skip48
\belowcaptionskip=\skip49
\bibindent=\dimen140
) (./hicss51-packages.tex (/usr/local/texlive/2023/texmf-dist/tex/latex/geometry/geometry.sty
Package: geometry 2020/01/02 v5.9 Page Geometry
 (/usr/local/texlive/2023/texmf-dist/tex/latex/graphics/keyval.sty
Package: keyval 2022/05/29 v1.15 key=value parser (DPC)
\KV@toks@=\toks17
) (/usr/local/texlive/2023/texmf-dist/tex/generic/iftex/ifvtex.sty
Package: ifvtex 2019/10/25 v1.7 ifvtex legacy package. Use iftex instead.
 (/usr/local/texlive/2023/texmf-dist/tex/generic/iftex/iftex.sty
Package: iftex 2022/02/03 v1.0f TeX engine tests
))
\Gm@cnth=\count193
\Gm@cntv=\count194
\c@Gm@tempcnt=\count195
\Gm@bindingoffset=\dimen141
\Gm@wd@mp=\dimen142
\Gm@odd@mp=\dimen143
\Gm@even@mp=\dimen144
\Gm@layoutwidth=\dimen145
\Gm@layoutheight=\dimen146
\Gm@layouthoffset=\dimen147
\Gm@layoutvoffset=\dimen148
\Gm@dimlist=\toks18
) (./hicss51.sty
Conference Style for HICSS-51 -- released September 15, 2017
\titlebox=\skip50
\captionindent=\skip51
) (/usr/local/texlive/2023/texmf-dist/tex/latex/psnfss/times.sty
Package: times 2020/03/25 PSNFSS-v9.3 (SPQR) 
) (/usr/local/texlive/2023/texmf-dist/tex/latex/hyphenat/hyphenat.sty
Package: hyphenat 2009/09/02 v2.3c hyphenation utilities
\langwohyphens=\language87
LaTeX Info: Redefining \_ on input line 43.
) (/usr/local/texlive/2023/texmf-dist/tex/latex/url/url.sty
\Urlmuskip=\muskip16
Package: url 2013/09/16  ver 3.4  Verb mode for urls, etc.
) (/usr/local/texlive/2023/texmf-dist/tex/latex/base/latexsym.sty
Package: latexsym 1998/08/17 v2.2e Standard LaTeX package (lasy symbols)
\symlasy=\mathgroup4
LaTeX Font Info:    Overwriting symbol font `lasy' in version `bold'
(Font)                  U/lasy/m/n --> U/lasy/b/n on input line 52.
) (/usr/local/texlive/2023/texmf-dist/tex/latex/tools/indentfirst.sty
Package: indentfirst 1995/11/23 v1.03 Indent first paragraph (DPC)
) (/usr/local/texlive/2023/texmf-dist/tex/latex/graphics/graphicx.sty
Package: graphicx 2021/09/16 v1.2d Enhanced LaTeX Graphics (DPC,SPQR)
 (/usr/local/texlive/2023/texmf-dist/tex/latex/graphics/graphics.sty
Package: graphics 2022/03/10 v1.4e Standard LaTeX Graphics (DPC,SPQR)
 (/usr/local/texlive/2023/texmf-dist/tex/latex/graphics/trig.sty
Package: trig 2021/08/11 v1.11 sin cos tan (DPC)
) (/usr/local/texlive/2023/texmf-dist/tex/latex/graphics-cfg/graphics.cfg
File: graphics.cfg 2016/06/04 v1.11 sample graphics configuration
)
Package graphics Info: Driver file: pdftex.def on input line 107.
 (/usr/local/texlive/2023/texmf-dist/tex/latex/graphics-def/pdftex.def
File: pdftex.def 2022/09/22 v1.2b Graphics/color driver for pdftex
))
\Gin@req@height=\dimen149
\Gin@req@width=\dimen150
))
LaTeX Font Info:    Trying to load font information for OT1+ptm on input line 34.
 (/usr/local/texlive/2023/texmf-dist/tex/latex/psnfss/ot1ptm.fd
File: ot1ptm.fd 2001/06/04 font definitions for OT1/ptm.
) (/usr/local/texlive/2023/texmf-dist/tex/latex/l3backend/l3backend-pdftex.def
File: l3backend-pdftex.def 2023-04-19 L3 backend support: PDF output (pdfTeX)
\l__color_backend_stack_int=\count196
\l__pdf_internal_box=\box51
) (PDF/hicss.aux)
\openout1 = `hicss.aux'.

LaTeX Font Info:    Checking defaults for OML/cmm/m/it on input line 34.
LaTeX Font Info:    ... okay on input line 34.
LaTeX Font Info:    Checking defaults for OMS/cmsy/m/n on input line 34.
LaTeX Font Info:    ... okay on input line 34.
LaTeX Font Info:    Checking defaults for OT1/cmr/m/n on input line 34.
LaTeX Font Info:    ... okay on input line 34.
LaTeX Font Info:    Checking defaults for T1/cmr/m/n on input line 34.
LaTeX Font Info:    ... okay on input line 34.
LaTeX Font Info:    Checking defaults for TS1/cmr/m/n on input line 34.
LaTeX Font Info:    ... okay on input line 34.
LaTeX Font Info:    Checking defaults for OMX/cmex/m/n on input line 34.
LaTeX Font Info:    ... okay on input line 34.
LaTeX Font Info:    Checking defaults for U/cmr/m/n on input line 34.
LaTeX Font Info:    ... okay on input line 34.

*geometry* driver: auto-detecting
*geometry* detected driver: pdftex
*geometry* verbose mode - [ preamble ] result:
* driver: pdftex
* paper: letterpaper
* layout: <same size as paper>
* layoutoffset:(h,v)=(0.0pt,0.0pt)
* modes: 
* h-part:(L,W,R)=(92.14519pt, 430.00462pt, 92.14519pt)
* v-part:(T,H,B)=(95.39737pt, 556.47656pt, 143.09605pt)
* \paperwidth=614.29489pt
* \paperheight=794.97006pt
* \textwidth=469.75484pt
* \textheight=640.47137pt
* \oddsidemargin=0.0pt
* \evensidemargin=19.8752pt
* \topmargin=-14.22636pt
* \headheight=5.0pt
* \headsep=0.0pt
* \topskip=10.0pt
* \footskip=30.0pt
* \marginparwidth=65.0pt
* \marginparsep=11.0pt
* \columnsep=23.04666pt
* \skip\footins=9.0pt plus 4.0pt minus 2.0pt
* \hoffset=0.0pt
* \voffset=0.0pt
* \mag=1000
* \@twocolumntrue
* \@twosidefalse
* \@mparswitchfalse
* \@reversemarginfalse
* (1in=72.27pt=25.4mm, 1cm=28.453pt)

(/usr/local/texlive/2023/texmf-dist/tex/context/base/mkii/supp-pdf.mkii
[Loading MPS to PDF converter (version 2006.09.02).]
\scratchcounter=\count197
\scratchdimen=\dimen151
\scratchbox=\box52
\nofMPsegments=\count198
\nofMParguments=\count199
\everyMPshowfont=\toks19
\MPscratchCnt=\count266
\MPscratchDim=\dimen152
\MPnumerator=\count267
\makeMPintoPDFobject=\count268
\everyMPtoPDFconversion=\toks20
) (/usr/local/texlive/2023/texmf-dist/tex/latex/epstopdf-pkg/epstopdf-base.sty
Package: epstopdf-base 2020-01-24 v2.11 Base part for package epstopdf
Package epstopdf-base Info: Redefining graphics rule for `.eps' on input line 485.
 (/usr/local/texlive/2023/texmf-dist/tex/latex/latexconfig/epstopdf-sys.cfg
File: epstopdf-sys.cfg 2010/07/13 v1.3 Configuration of (r)epstopdf for TeX Live
))
LaTeX Font Info:    External font `cmex10' loaded for size
(Font)              <7> on input line 35.
LaTeX Font Info:    External font `cmex10' loaded for size
(Font)              <5> on input line 35.
LaTeX Font Info:    Trying to load font information for U+lasy on input line 35.
 (/usr/local/texlive/2023/texmf-dist/tex/latex/base/ulasy.fd
File: ulasy.fd 1998/08/17 v2.2e LaTeX symbol font definitions
)
Underfull \vbox (badness 10000) detected at line 35
 []


Underfull \hbox (badness 2903) in paragraph at lines 39--40
[]\OT1/ptm/m/it/10 Open Source In-tel-li-gence (OS-INT) is cur-rently
 []


Underfull \hbox (badness 2326) in paragraph at lines 39--40
\OT1/ptm/m/it/10 nu-mer-ous at-tempts at stan-dard-ized def-i-ni-tions, the
 []


Underfull \hbox (badness 1466) in paragraph at lines 39--40
\OT1/ptm/m/it/10 in-tro-duces a practice-validated OS-INT trend radar,
 []


Underfull \hbox (badness 3895) in paragraph at lines 39--40
\OT1/ptm/m/it/10 cat-e-go-riz-ing tech-nolo-gies by ma-tu-rity, in-tel-li-gence
 []


Underfull \hbox (badness 1824) in paragraph at lines 39--40
\OT1/ptm/m/it/10 phases, are ev-i-dent. Al-though in-tel-li-gent sup-port
 []


Underfull \hbox (badness 2359) in paragraph at lines 39--40
\OT1/ptm/m/it/10 lags be-hind the-ory. The hu-man fac-tor there-fore
 []


Underfull \hbox (badness 3838) in paragraph at lines 39--40
\OT1/ptm/m/it/10 re-mains cen-tral to the OS-INT pro-cess. Fu-ture
 []


Underfull \hbox (badness 1776) in paragraph at lines 39--40
\OT1/ptm/m/it/10 widespread im-ple-men-tat-tion of proven ap-pli-ca-tions,
 []


Underfull \hbox (badness 1024) in paragraph at lines 46--47
\OT1/ptm/m/n/10 and in-tel-li-gence ser-vices are now ac-ces-si-ble to the
 []


Underfull \hbox (badness 1292) in paragraph at lines 46--47
\OT1/ptm/m/n/10 [[]]. At the same time, the in-creas-ing speed of
 []


Underfull \hbox (badness 4229) in paragraph at lines 48--49
[]\OT1/ptm/m/n/10 To date, there has been a lack of de-ci-sive,
 []


Underfull \hbox (badness 3460) in paragraph at lines 48--49
\OT1/ptm/m/n/10 fun-da-men-tal sci-en-tific pub-li-ca-tions to per-vade the
 []


Underfull \hbox (badness 10000) in paragraph at lines 48--49
\OT1/ptm/m/n/10 citeGhioni.2023, Pas-tor-Galindo.2020,Yogish.2021.
 []


Underfull \hbox (badness 3271) in paragraph at lines 48--49
\OT1/ptm/m/n/10 ("use cases") of OS-INT have there-fore re-mained
 []


Underfull \hbox (badness 1024) in paragraph at lines 48--49
\OT1/ptm/m/n/10 ad-di-tion, sup-ple-men-tary qual-i-ta-tive field re-search is
 []


Underfull \hbox (badness 1014) in paragraph at lines 50--51
[]\OT1/ptm/m/n/10 The aim thereby is to iden-tify the tech-nolo-gies
 []


Underfull \hbox (badness 2538) in paragraph at lines 50--51
\OT1/ptm/m/n/10 used in OS-INT ap-pli-ca-tions and to present them
 []


Underfull \hbox (badness 1648) in paragraph at lines 50--51
\OT1/ptm/m/n/10 sys-tem-at-i-cally in a trend radar, ac-cord-ing to their
 []


Underfull \hbox (badness 6461) in paragraph at lines 50--51
\OT1/ptm/m/n/10 char-ac-ter-is-tics. Through ex-pert in-ter-views, the
 []


Underfull \hbox (badness 1122) in paragraph at lines 50--51
\OT1/ptm/m/n/10 of the re-search field. The struc-ture of this study
 []


Underfull \hbox (badness 1210) in paragraph at lines 50--51
\OT1/ptm/m/n/10 us-ing sys-tem-atiz-ing in-ter-views [[]] con-ducted with
 []


Underfull \vbox (badness 10000) has occurred while \output is active []

 [1{/usr/local/texlive/2023/texmf-var/fonts/map/pdftex/updmap/pdftex.map}{/usr/local/texlive/2023/texmf-dist/fonts/enc/dvips/base/8r.enc}



]
Underfull \hbox (badness 1314) in paragraph at lines 59--60
[]\OT1/ptm/m/n/10 Despite nu-mer-ous at-tempts to de-fine OS-INT, it
 []


Underfull \hbox (badness 3623) in paragraph at lines 59--60
\OT1/ptm/m/n/10 of the re-sult-ing im-proved record-ing and anal-y-sis
 []


Underfull \hbox (badness 1596) in paragraph at lines 59--60
[]\OT1/ptm/m/n/10 , []]. One of the ear-li-est and still fre-quently
 []


Underfull \hbox (badness 1009) in paragraph at lines 59--60
\OT1/ptm/m/n/10 to-day the dis-ci-pline is no longer seen as a purely
 []


Underfull \hbox (badness 1102) in paragraph at lines 63--64
\OT1/ptm/m/n/10 re-quires ad-di-tional ef-fort [[]] or must be ac-quired
 []


LaTeX Warning: Citation `' on page 2 undefined on input line 72.


Underfull \hbox (badness 1721) in paragraph at lines 69--73
\OT1/ptm/m/n/10 cy-cle [[], []]. It rep-re-sents the cen-tral el-e-ment
 []


Underfull \hbox (badness 3039) in paragraph at lines 69--73
\OT1/ptm/m/n/10 of ev-ery in-tel-li-gence dis-ci-pline, re-gard-less of the
 []


Underfull \hbox (badness 1092) in paragraph at lines 69--73
\OT1/ptm/m/n/10 of five suc-ces-sive phases: Plan-ning and Di-rec-tion,
 []


Underfull \hbox (badness 1062) in paragraph at lines 69--73
\OT1/ptm/m/n/10 [[], [], []], nu-mer-ous other mod-i-fi-ca-tions can be
 []


Underfull \hbox (badness 10000) in paragraph at lines 69--73

 []


Underfull \hbox (badness 5622) in paragraph at lines 69--73
\OT1/ptm/m/n/10 The plan-ning and di-rec-tion phase com-bines the
 []


Underfull \hbox (badness 5533) in paragraph at lines 69--73
\OT1/ptm/m/n/10 iden-ti-fi-ca-tion, def-i-ni-tion and pri-or-i-ti-za-tion of the
 []


Underfull \hbox (badness 1817) in paragraph at lines 69--73
\OT1/ptm/m/n/10 It is also re-spon-si-ble for de-vel-op-ing the ac-tiv-i-ties
 []


Underfull \hbox (badness 1014) in paragraph at lines 69--73
\OT1/ptm/m/n/10 and uti-liza-tion phase is con-cerned with con-dens-ing
 []


Underfull \hbox (badness 2409) in paragraph at lines 69--73
\OT1/ptm/m/n/10 in-for-ma-tion for fur-ther pro-cess-ing [[], [], [], []].
 []

[2]
Underfull \hbox (badness 2237) in paragraph at lines 76--77
\OT1/ptm/m/n/10 of in-cor-po-rat-ing OS-INT into ev-ery-day life in his
 []


Underfull \hbox (badness 1009) in paragraph at lines 76--77
\OT1/ptm/m/n/10 is used in the three spheres of so-cial opin-ion and
 []


Underfull \hbox (badness 2005) in paragraph at lines 76--77
\OT1/ptm/m/n/10 as well as cy-ber-se-cu-rity and cy-berde-fence. Two
 []


Underfull \hbox (badness 3128) in paragraph at lines 76--77
\OT1/ptm/m/n/10 and ed-u-ca-tional ma-te-ri-als in the field of OS-INT
 []


Underfull \hbox (badness 1881) in paragraph at lines 76--77
\OT1/ptm/m/n/10 has de-vel-oped. They con-cluded that the num-ber
 []


Underfull \hbox (badness 1221) in paragraph at lines 76--77
\OT1/ptm/m/n/10 top-ics. Fi-nally, in 2021, Yo-gish and Kr-ishna [[]]
 []


Underfull \hbox (badness 2205) in paragraph at lines 76--77
\OT1/ptm/m/n/10 (Ar-ti-fi-cial In-tel-li-gence) tech-nolo-gies in the con-text
 []


Underfull \hbox (badness 1400) in paragraph at lines 76--77
\OT1/ptm/m/n/10 re-view on se-cu-rity trends and in-ves-ti-gated se-cu-rity
 []


Underfull \vbox (badness 3471) has occurred while \output is active []

LaTeX Font Info:    Trying to load font information for TS1+ptm on input line 85.
 (/usr/local/texlive/2023/texmf-dist/tex/latex/psnfss/ts1ptm.fd
File: ts1ptm.fd 2001/06/04 font definitions for TS1/ptm.
)
Underfull \hbox (badness 1147) in paragraph at lines 88--89
[]\OT1/ptm/m/n/10 Grayscale Im-ages: Bicu-bic Down-sam-pling at
 []


Underfull \hbox (badness 10000) in paragraph at lines 89--90
[]\OT1/ptm/m/n/10 Compression for Grayscale Im-ages:
 []

[3]
Underfull \hbox (badness 1163) in paragraph at lines 94--95
[]\OT1/ptm/m/n/10 If your pa-per con-tains many large im-ages they
 []


Underfull \hbox (badness 10000) in paragraph at lines 98--100
[]\OT1/ptm/m/n/10 Type your main text in 10-point Times,
 []


Underfull \hbox (badness 2229) in paragraph at lines 98--100
\OT1/ptm/m/n/10 single-spaced. Do not use double-spacing. All
 []

<images/sample-image.jpg, id=15, 642.4pt x 481.8pt>
File: images/sample-image.jpg Graphic file (type jpg)
<use images/sample-image.jpg>
Package pdftex.def Info: images/sample-image.jpg  used on input line 106.
(pdftex.def)             Requested size: 201.0173pt x 132.5766pt.

LaTeX Font Warning: Font shape `OT1/cmss/b/n' undefined
(Font)              using `OT1/cmss/bx/n' instead on input line 108.


LaTeX Font Warning: Font shape `OT1/cmss/b/n' undefined
(Font)              using `OT1/cmss/bx/n' instead on input line 108.


Underfull \hbox (badness 10000) in paragraph at lines 122--123
 \OT1/ptm/b/n/10 5.1.1. Third-order head-ings. []  \OT1/ptm/m/n/10 Third-order
 []


Underfull \hbox (badness 4316) in paragraph at lines 122--123
\OT1/ptm/m/n/10 head-ings, as in this para-graph, are dis-cour-aged.
 []


LaTeX Warning: Citation `Jones2015' on page 4 undefined on input line 157.


LaTeX Warning: Citation `Smith2015' on page 4 undefined on input line 157.


LaTeX Warning: Citation `Smith2015' on page 4 undefined on input line 157.

(PDF/hicss.bbl
Underfull \hbox (badness 1194) in paragraph at lines 19--20
\OT1/ptm/m/it/9 se-ries: Cen-tre for East-West Cul-tural & Eco-nomic
 []


Underfull \hbox (badness 1152) in paragraph at lines 22--23
\OT1/ptm/m/it/9 Com-mu-ni-ca-tions and Mo-bile Com-put-ing\OT1/ptm/m/n/9 , vol. 2022,
 []

[4 <PDF/images/sample-image.jpg>]
Underfull \hbox (badness 1931) in paragraph at lines 34--36
[]\OT1/ptm/m/n/9 D. Ish, J. Et-tinger, and C. Fer-ris, \OT1/ptm/m/it/9 Eval-u-at-ing the
 []


Underfull \hbox (badness 7415) in paragraph at lines 34--36
\OT1/ptm/m/it/9 Ef-fec-tive-ness of Ar-ti-fi-cial In-tel-li-gence Sys-tems in
 []


Underfull \hbox (badness 2368) in paragraph at lines 34--36
\OT1/ptm/m/it/9 In-tel-li-gence Anal-y-sis\OT1/ptm/m/n/9 , vol. RR-A464-1 of \OT1/ptm/m/it/9 Re-search
 []


Underfull \hbox (badness 1953) in paragraph at lines 38--40
\OT1/ptm/m/it/9 Open Source In-tel-li-gence (OS-INT) for the De-fense
 []


Underfull \hbox (badness 1117) in paragraph at lines 38--40
\OT1/ptm/m/it/9 En-ter-prise\OT1/ptm/m/n/9 , vol. RR-1964-OSD of \OT1/ptm/m/it/9 Re-search re-ports\OT1/ptm/m/n/9 .
 []


Underfull \hbox (badness 3942) in paragraph at lines 42--43
\OT1/ptm/m/it/9 in the Dig-i-tal Age\OT1/ptm/m/n/9 , In-ter-na-tional Con-fer-ence The
 []


Underfull \hbox (badness 4132) in paragraph at lines 42--43
\OT1/ptm/m/n/9 Fu-ture of In-for-ma-tion Sci-ences IN-Fu-ture, Fac-ulty
 []


Underfull \hbox (badness 3088) in paragraph at lines 42--43
\OT1/ptm/m/n/9 of Hu-man-i-ties and So-cial Sci-ences, Uni-ver-sity of
 []


Underfull \hbox (badness 10000) in paragraph at lines 45--46
[]\OT1/ptm/m/n/9 L. Benes, ``Os-int, new tech-nolo-gies, ed-u-ca-tion:
 []


Underfull \hbox (badness 2529) in paragraph at lines 45--46
\OT1/ptm/m/it/9 Jour-nal of Strate-gic Se-cu-rity\OT1/ptm/m/n/9 , vol. 6, no. 3Suppl,
 []


Underfull \hbox (badness 6141) in paragraph at lines 48--49
[]\OT1/ptm/m/n/9 J. F. Herrera-Cubides, P. A. Gaona-Garc[]^^Pa, and
 []


Underfull \hbox (badness 10000) in paragraph at lines 48--49
\OT1/ptm/m/n/9 S. S[]anchez-Alonso, ``Open-source in-tel-li-gence
 []


Underfull \hbox (badness 10000) in paragraph at lines 51--52
[]\OT1/ptm/m/n/9 H. AlK-i-lani and A. Qusef, ``Os-int tech-niques
 []


Underfull \hbox (badness 1990) in paragraph at lines 51--52
\OT1/ptm/m/n/9 in-te-gra-tion with risk as-sess-ment iso/iec 27001,'' in
 []


Underfull \hbox (badness 1163) in paragraph at lines 54--55
[]\OT1/ptm/m/n/9 K. Pef-fers, T. Tu-u-na-nen, M. A. Rothen-berger, and
 []


Underfull \hbox (badness 10000) in paragraph at lines 54--55
\OT1/ptm/m/n/9 for in-for-ma-tion sys-tems re-search,'' \OT1/ptm/m/it/9 Jour-nal of
 []


Underfull \hbox (badness 2744) in paragraph at lines 54--55
\OT1/ptm/m/it/9 Man-age-ment In-for-ma-tion Sys-tems\OT1/ptm/m/n/9 , vol. 24, no. 3,
 []


Underfull \hbox (badness 8189) in paragraph at lines 57--58
[]\OT1/ptm/m/n/9 J. vom Brocke, A. Hevner, and A. Maed-che,
 []


Underfull \hbox (badness 4391) in paragraph at lines 63--65
[]\OT1/ptm/m/n/9 A. Bogner, B. Lit-tig, and W. Menz, \OT1/ptm/m/it/9 In-ter-views
 []


Underfull \hbox (badness 6188) in paragraph at lines 63--65
\OT1/ptm/m/it/9 mit Ex-perten: Eine prax-isori-en-tierte Einf[]uhrung\OT1/ptm/m/n/9 .
 []


Underfull \hbox (badness 4913) in paragraph at lines 76--77
\OT1/ptm/m/n/9 os-int in-ves-ti-ga-tions,'' in \OT1/ptm/m/it/9 Open Source In-tel-li-gence
 []


Underfull \hbox (badness 2469) in paragraph at lines 88--89
[]\OT1/ptm/m/n/9 A. Break-s-pear, ``A new def-i-ni-tion of in-tel-li-gence,''
 []


Underfull \hbox (badness 1622) in paragraph at lines 88--89
\OT1/ptm/m/it/9 In-tel-li-gence and Na-tional Se-cu-rity\OT1/ptm/m/n/9 , vol. 28, no. 5,
 []


Underfull \hbox (badness 2529) in paragraph at lines 97--98
\OT1/ptm/m/it/9 Jour-nal of Mediter-ranean and Balkan In-tel-li-gence\OT1/ptm/m/n/9 ,
 []


Underfull \hbox (badness 3536) in paragraph at lines 109--111
[]\OT1/ptm/m/n/9 M. M. Lowen-thal, \OT1/ptm/m/it/9 In-tel-li-gence: From se-crets to
 []

) [5] (PDF/hicss.aux)
 ***********
LaTeX2e <2023-06-01> patch level 1
L3 programming layer <2023-06-30>
 ***********


LaTeX Warning: There were undefined references.

 ) 
Here is how much of TeX's memory you used:
 2239 strings out of 475237
 36841 string characters out of 5764559
 1937244 words of memory out of 5000000
 23464 multiletter control sequences out of 15000+600000
 574157 words of font info for 62 fonts, out of 8000000 for 9000
 1141 hyphenation exceptions out of 8191
 62i,13n,68p,2575b,262s stack positions out of 10000i,1000n,20000p,200000b,200000s
</usr/local/texlive/2023/texmf-dist/fonts/type1/public/amsfonts/cm/cmssbx10.pfb></usr/local/texlive/2023/texmf-dist/fonts/type1/urw/times/utmb8a.pfb></usr/local/texlive/2023/texmf-dist/fonts/type1/urw/times/utmr8a.pfb></usr/local/texlive/2023/texmf-dist/fonts/type1/urw/times/utmri8a.pfb>
Output written on PDF/hicss.pdf (5 pages, 98960 bytes).
PDF statistics:
 44 PDF objects out of 1000 (max. 8388607)
 26 compressed objects within 1 object stream
 0 named destinations out of 1000 (max. 500000)
 12 words of extra memory for PDF output out of 10000 (max. 10000000)

